app/build/intermediates/manifest_merge_blame_file/debug/manifest-merger-blame-debug-report.txt
1<?xml version="1.0" encoding="utf-8"?>
2<manifest xmlns:android="http://schemas.android.com/apk/res/android"
3    package="com.example.restaurantlocator"
4    android:versionCode="1"
5    android:versionName="1.0" >
6
7    <uses-sdk
8        android:minSdkVersion="15"
8-->src\main\AndroidManifest.xml
9        android:targetSdkVersion="29" />
9-->src\main\AndroidManifest.xml
10    <!--
11         The ACCESS_COARSE/FINE_LOCATION permissions are not required to use
12         Google Maps Android API v2, but you must specify either coarse or fine
13         location permissions for the 'MyLocation' functionality.
14    -->
15    <uses-permission android:name="android.permission.ACCESS_FINE_LOCATION" />
15-->src\main\AndroidManifest.xml:9:5-79
15-->src\main\AndroidManifest.xml:9:22-76
16    <uses-permission android:name="android.permission.INTERNET" />
16-->src\main\AndroidManifest.xml:10:5-67
16-->src\main\AndroidManifest.xml:10:22-64
17    <uses-permission android:name="android.permission.ACCESS_COARSE_LOCATION" />
17-->src\main\AndroidManifest.xml:11:5-81
17-->src\main\AndroidManifest.xml:11:22-78
18
19    <!-- Include required permissions for Google Maps API to run. -->
20    <uses-permission android:name="android.permission.ACCESS_NETWORK_STATE" />
20-->[com.google.android.gms:play-services-maps:17.0.0] AndroidManifest.xml:23:5-79
20-->[com.google.android.gms:play-services-maps:17.0.0] AndroidManifest.xml:23:22-76
21
22    <uses-feature
22-->[com.google.android.gms:play-services-maps:17.0.0] AndroidManifest.xml:26:5-28:35
23        android:glEsVersion="0x00020000"
23-->[com.google.android.gms:play-services-maps:17.0.0] AndroidManifest.xml:27:9-41
24        android:required="true" /> <!-- Optional permission for Analytics to run. -->
24-->[com.google.android.gms:play-services-maps:17.0.0] AndroidManifest.xml:28:9-32
25    <uses-permission android:name="android.permission.WAKE_LOCK" />
25-->[com.google.android.gms:play-services-analytics:16.0.8] AndroidManifest.xml:27:5-68
25-->[com.google.android.gms:play-services-analytics:16.0.8] AndroidManifest.xml:27:22-65
26
27    <application
27-->src\main\AndroidManifest.xml:34:5-66:19
28        android:allowBackup="true"
28-->src\main\AndroidManifest.xml:35:9-35
29        android:appComponentFactory="androidx.core.app.CoreComponentFactory"
29-->[androidx.core:core:1.1.0] AndroidManifest.xml:24:18-86
30        android:debuggable="true"
31        android:icon="@mipmap/ic_launcher"
31-->src\main\AndroidManifest.xml:36:9-43
32        android:label="@string/app_name"
32-->src\main\AndroidManifest.xml:37:9-41
33        android:roundIcon="@mipmap/ic_launcher_round"
33-->src\main\AndroidManifest.xml:38:9-54
34        android:supportsRtl="true"
34-->src\main\AndroidManifest.xml:39:9-35
35        android:testOnly="true"
36        android:theme="@style/AppTheme" >
36-->src\main\AndroidManifest.xml:40:9-40
37        <activity android:name="com.example.restaurantlocator.Main2Activity" />
37-->src\main\AndroidManifest.xml:41:9-60
37-->src\main\AndroidManifest.xml:41:19-48
38        <activity android:name="com.example.restaurantlocator.feedback" />
38-->src\main\AndroidManifest.xml:42:9-46
38-->src\main\AndroidManifest.xml:42:19-43
39        <!--
40             The API key for Google Maps-based APIs is defined as a string resource.
41             (See the file "res/values/google_maps_api.xml").
42             Note that the API key is linked to the encryption key used to sign the APK.
43             You need a different API key for each encryption key, including the release key that is used to
44             sign the APK for publishing.
45             You can define the keys for the debug and release targets in src/debug/ and src/release/.
46        -->
47        <meta-data
47-->src\main\AndroidManifest.xml:51:9-53:55
48            android:name="com.google.android.geo.API_KEY"
48-->src\main\AndroidManifest.xml:52:13-58
49            android:value="@string/google_maps_key" />
49-->src\main\AndroidManifest.xml:53:13-52
50
51        <activity
51-->src\main\AndroidManifest.xml:55:9-57:59
52            android:name="com.example.restaurantlocator.MapsActivity"
52-->src\main\AndroidManifest.xml:56:13-41
53            android:label="@string/title_activity_maps" />
53-->src\main\AndroidManifest.xml:57:13-56
54        <activity android:name="com.example.restaurantlocator.AddressLocator" />
54-->src\main\AndroidManifest.xml:58:9-52
54-->src\main\AndroidManifest.xml:58:19-49
55        <activity android:name="com.example.restaurantlocator.MainActivity" >
55-->src\main\AndroidManifest.xml:59:9-65:20
55-->src\main\AndroidManifest.xml:59:19-47
56            <intent-filter>
56-->src\main\AndroidManifest.xml:60:13-64:29
57                <action android:name="android.intent.action.MAIN" />
57-->src\main\AndroidManifest.xml:61:17-69
57-->src\main\AndroidManifest.xml:61:25-66
58
59                <category android:name="android.intent.category.LAUNCHER" />
59-->src\main\AndroidManifest.xml:63:17-77
59-->src\main\AndroidManifest.xml:63:27-74
60            </intent-filter>
61        </activity>
62        <!-- Needs to be explicitly declared on P+ -->
63        <uses-library
63-->[com.google.android.gms:play-services-maps:17.0.0] AndroidManifest.xml:33:9-35:40
64            android:name="org.apache.http.legacy"
64-->[com.google.android.gms:play-services-maps:17.0.0] AndroidManifest.xml:34:13-50
65            android:required="false" />
65-->[com.google.android.gms:play-services-maps:17.0.0] AndroidManifest.xml:35:13-37
66
67        <receiver
67-->[com.google.android.gms:play-services-analytics:16.0.8] AndroidManifest.xml:30:9-34:20
68            android:name="com.google.android.gms.analytics.AnalyticsReceiver"
68-->[com.google.android.gms:play-services-analytics:16.0.8] AndroidManifest.xml:31:13-78
69            android:enabled="true"
69-->[com.google.android.gms:play-services-analytics:16.0.8] AndroidManifest.xml:32:13-35
70            android:exported="false" >
70-->[com.google.android.gms:play-services-analytics:16.0.8] AndroidManifest.xml:33:13-37
71        </receiver>
72
73        <service
73-->[com.google.android.gms:play-services-analytics:16.0.8] AndroidManifest.xml:36:9-39:40
74            android:name="com.google.android.gms.analytics.AnalyticsService"
74-->[com.google.android.gms:play-services-analytics:16.0.8] AndroidManifest.xml:37:13-77
75            android:enabled="true"
75-->[com.google.android.gms:play-services-analytics:16.0.8] AndroidManifest.xml:38:13-35
76            android:exported="false" />
76-->[com.google.android.gms:play-services-analytics:16.0.8] AndroidManifest.xml:39:13-37
77        <service
77-->[com.google.android.gms:play-services-analytics:16.0.8] AndroidManifest.xml:40:9-44:72
78            android:name="com.google.android.gms.analytics.AnalyticsJobService"
78-->[com.google.android.gms:play-services-analytics:16.0.8] AndroidManifest.xml:41:13-80
79            android:enabled="true"
79-->[com.google.android.gms:play-services-analytics:16.0.8] AndroidManifest.xml:42:13-35
80            android:exported="false"
80-->[com.google.android.gms:play-services-analytics:16.0.8] AndroidManifest.xml:43:13-37
81            android:permission="android.permission.BIND_JOB_SERVICE" />
81-->[com.google.android.gms:play-services-analytics:16.0.8] AndroidManifest.xml:44:13-69
82
83        <activity
83-->[com.google.android.gms:play-services-base:17.0.0] AndroidManifest.xml:23:9-26:75
84            android:name="com.google.android.gms.common.api.GoogleApiActivity"
84-->[com.google.android.gms:play-services-base:17.0.0] AndroidManifest.xml:24:13-79
85            android:exported="false"
85-->[com.google.android.gms:play-services-base:17.0.0] AndroidManifest.xml:25:13-37
86            android:theme="@android:style/Theme.Translucent.NoTitleBar" />
86-->[com.google.android.gms:play-services-base:17.0.0] AndroidManifest.xml:26:13-72
87
88        <provider
88-->[com.google.firebase:firebase-common:16.0.3] AndroidManifest.xml:10:9-14:39
89            android:name="com.google.firebase.provider.FirebaseInitProvider"
89-->[com.google.firebase:firebase-common:16.0.3] AndroidManifest.xml:11:13-77
90            android:authorities="com.example.restaurantlocator.firebaseinitprovider"
90-->[com.google.firebase:firebase-common:16.0.3] AndroidManifest.xml:12:13-72
91            android:exported="false"
91-->[com.google.firebase:firebase-common:16.0.3] AndroidManifest.xml:13:13-37
92            android:initOrder="100" />
92-->[com.google.firebase:firebase-common:16.0.3] AndroidManifest.xml:14:13-36
93
94        <meta-data
94-->[com.google.android.gms:play-services-basement:17.0.0] AndroidManifest.xml:23:9-25:69
95            android:name="com.google.android.gms.version"
95-->[com.google.android.gms:play-services-basement:17.0.0] AndroidManifest.xml:24:13-58
96            android:value="@integer/google_play_services_version" />
96-->[com.google.android.gms:play-services-basement:17.0.0] AndroidManifest.xml:25:13-66
97    </application>
98
99</manifest>